11:55:17.575 [main] INFO  factory.BaseClass - User passes value from excel.. 
11:55:17.593 [main] DEBUG org.apache.poi.openxml4j.opc.PackageRelationshipCollection - Parsing relationship: /xl/_rels/workbook.xml.rels
11:55:17.594 [main] DEBUG org.apache.poi.openxml4j.opc.PackageRelationshipCollection - Parsing relationship: /xl/worksheets/_rels/sheet1.xml.rels
11:55:17.595 [main] DEBUG org.apache.poi.openxml4j.opc.PackageRelationshipCollection - Parsing relationship: /_rels/.rels
11:55:18.578 [main] INFO  factory.BaseClass - User clicks submit button.. 
11:55:34.828 [main] INFO  factory.BaseClass - User checks page is visible ?.. 
11:55:34.877 [main] INFO  factory.BaseClass - Driver closed.. 
11:55:35.124 [main] INFO  factory.BaseClass - driver opens.. 
11:55:47.341 [main] INFO  factory.BaseClass - User selects birthday/occassion.. 
11:55:47.445 [main] INFO  factory.BaseClass - User enters valid amount in Giftcard page.. 
11:55:47.614 [main] INFO  factory.BaseClass - User selects month and date.. 
11:55:48.277 [main] INFO  factory.BaseClass - User clicks confirm button.. 
11:55:48.360 [main] INFO  factory.BaseClass - User passes value from excel.. 
11:55:48.368 [main] DEBUG org.apache.poi.openxml4j.opc.PackageRelationshipCollection - Parsing relationship: /xl/_rels/workbook.xml.rels
11:55:48.369 [main] DEBUG org.apache.poi.openxml4j.opc.PackageRelationshipCollection - Parsing relationship: /xl/worksheets/_rels/sheet1.xml.rels
11:55:48.370 [main] DEBUG org.apache.poi.openxml4j.opc.PackageRelationshipCollection - Parsing relationship: /_rels/.rels
11:55:49.283 [main] INFO  factory.BaseClass - User clicks submit button.. 
11:56:05.480 [main] INFO  factory.BaseClass - User validates the data eneterd with data displayed.. 
11:56:05.788 [main] INFO  factory.BaseClass - Driver closed.. 
11:56:34.792 [main] INFO  factory.BaseClass - driver opens.. 
11:56:48.046 [main] INFO  factory.BaseClass - Driver closed.. 
11:56:48.383 [main] INFO  factory.BaseClass - driver opens.. 
11:57:00.733 [main] INFO  factory.BaseClass - Driver closed.. 
11:57:01.066 [main] INFO  factory.BaseClass - driver opens.. 
11:57:13.539 [main] INFO  factory.BaseClass - Driver closed.. 
11:57:14.158 [main] INFO  factory.BaseClass - driver opens.. 
11:57:22.938 [main] INFO  factory.BaseClass - User selects birthday/occassion.. 
11:57:23.063 [main] INFO  factory.BaseClass - User enters valid amount in Giftcard page.. 
11:57:23.285 [main] INFO  factory.BaseClass - User selects month and date.. 
11:57:24.399 [main] INFO  factory.BaseClass - User clicks confirm button.. 
11:57:24.612 [main] INFO  factory.BaseClass - User passes values from excel.. 
11:57:24.966 [main] DEBUG org.apache.poi.openxml4j.opc.PackageRelationshipCollection - Parsing relationship: /xl/_rels/workbook.xml.rels
11:57:24.971 [main] DEBUG org.apache.poi.openxml4j.opc.PackageRelationshipCollection - Parsing relationship: /xl/worksheets/_rels/sheet1.xml.rels
11:57:24.974 [main] DEBUG org.apache.poi.openxml4j.opc.PackageRelationshipCollection - Parsing relationship: /_rels/.rels
11:57:26.883 [main] INFO  factory.BaseClass - User clicks submit button.. 
11:57:43.381 [main] INFO  factory.BaseClass - User checks page is visible ?.. 
11:57:44.352 [main] INFO  factory.BaseClass - Driver closed.. 
11:57:44.886 [main] INFO  factory.BaseClass - driver opens.. 
11:57:54.718 [main] INFO  factory.BaseClass - User selects birthday/occassion.. 
11:57:56.127 [main] INFO  factory.BaseClass - User enters valid amount in Giftcard page.. 
11:57:56.446 [main] INFO  factory.BaseClass - User selects month and date.. 
11:57:57.119 [main] INFO  factory.BaseClass - User clicks confirm button.. 
11:57:57.193 [main] INFO  factory.BaseClass - User passes value from excel.. 
11:57:57.201 [main] DEBUG org.apache.poi.openxml4j.opc.PackageRelationshipCollection - Parsing relationship: /xl/_rels/workbook.xml.rels
11:57:57.203 [main] DEBUG org.apache.poi.openxml4j.opc.PackageRelationshipCollection - Parsing relationship: /xl/worksheets/_rels/sheet1.xml.rels
11:57:57.204 [main] DEBUG org.apache.poi.openxml4j.opc.PackageRelationshipCollection - Parsing relationship: /_rels/.rels
11:57:58.226 [main] INFO  factory.BaseClass - User clicks submit button.. 
11:58:15.647 [main] INFO  factory.BaseClass - User checks page is visible ?.. 
11:58:16.823 [main] INFO  factory.BaseClass - Driver closed.. 
11:58:33.839 [main] INFO  factory.BaseClass - driver opens.. 
11:58:51.418 [main] INFO  factory.BaseClass - Driver closed.. 
